This file contains any messages produced by compilers while
running configure, to aid debugging if configure makes a mistake.

It was created by avro-c configure 1.3.0, which was
generated by GNU Autoconf 2.64.  Invocation command line was

  $ ./configure --prefix=/home/tmpvar/Work/Javascript/build/default

## --------- ##
## Platform. ##
## --------- ##

hostname = tmpvar
uname -m = x86_64
uname -r = 2.6.31-17-generic
uname -s = Linux
uname -v = #54-Ubuntu SMP Thu Dec 10 17:01:44 UTC 2009

/usr/bin/uname -p = unknown
/bin/uname -X     = unknown

/bin/arch              = unknown
/usr/bin/arch -k       = unknown
/usr/convex/getsysinfo = unknown
/usr/bin/hostinfo      = unknown
/bin/machine           = unknown
/usr/bin/oslevel       = unknown
/bin/universe          = unknown

PATH: /usr/local/sbin
PATH: /usr/local/bin
PATH: /usr/sbin
PATH: /usr/bin
PATH: /sbin
PATH: /bin
PATH: /usr/games


## ----------- ##
## Core tests. ##
## ----------- ##

configure:2574: checking for a BSD-compatible install
configure:2642: result: /usr/bin/install -c
configure:2653: checking whether build environment is sane
configure:2703: result: yes
configure:2844: checking for a thread-safe mkdir -p
configure:2883: result: /bin/mkdir -p
configure:2896: checking for gawk
configure:2926: result: no
configure:2896: checking for mawk
configure:2912: found /usr/bin/mawk
configure:2923: result: mawk
configure:2934: checking whether make sets $(MAKE)
configure:2956: result: yes
configure:3098: checking for gcc
configure:3114: found /usr/bin/gcc
configure:3125: result: gcc
configure:3354: checking for C compiler version
configure:3363: gcc --version >&5
gcc (Ubuntu 4.4.1-4ubuntu9) 4.4.1
Copyright (C) 2009 Free Software Foundation, Inc.
This is free software; see the source for copying conditions.  There is NO
warranty; not even for MERCHANTABILITY or FITNESS FOR A PARTICULAR PURPOSE.

configure:3374: $? = 0
configure:3363: gcc -v >&5
Using built-in specs.
Target: x86_64-linux-gnu
Configured with: ../src/configure -v --with-pkgversion='Ubuntu 4.4.1-4ubuntu9' --with-bugurl=file:///usr/share/doc/gcc-4.4/README.Bugs --enable-languages=c,c++,fortran,objc,obj-c++ --prefix=/usr --enable-shared --enable-multiarch --enable-linker-build-id --with-system-zlib --libexecdir=/usr/lib --without-included-gettext --enable-threads=posix --with-gxx-include-dir=/usr/include/c++/4.4 --program-suffix=-4.4 --enable-nls --enable-clocale=gnu --enable-libstdcxx-debug --enable-objc-gc --disable-werror --with-arch-32=i486 --with-tune=generic --enable-checking=release --build=x86_64-linux-gnu --host=x86_64-linux-gnu --target=x86_64-linux-gnu
Thread model: posix
gcc version 4.4.1 (Ubuntu 4.4.1-4ubuntu9) 
configure:3374: $? = 0
configure:3363: gcc -V >&5
gcc: '-V' option must have argument
configure:3374: $? = 1
configure:3363: gcc -qversion >&5
gcc: unrecognized option '-qversion'
gcc: no input files
configure:3374: $? = 1
configure:3396: checking for C compiler default output file name
configure:3418: gcc    conftest.c  >&5
configure:3422: $? = 0
configure:3459: result: a.out
configure:3475: checking whether the C compiler works
configure:3484: ./a.out
configure:3488: $? = 0
configure:3503: result: yes
configure:3510: checking whether we are cross compiling
configure:3512: result: no
configure:3515: checking for suffix of executables
configure:3522: gcc -o conftest    conftest.c  >&5
configure:3526: $? = 0
configure:3548: result: 
configure:3554: checking for suffix of object files
configure:3576: gcc -c   conftest.c >&5
configure:3580: $? = 0
configure:3601: result: o
configure:3605: checking whether we are using the GNU C compiler
configure:3624: gcc -c   conftest.c >&5
configure:3624: $? = 0
configure:3633: result: yes
configure:3642: checking whether gcc accepts -g
configure:3662: gcc -c -g  conftest.c >&5
configure:3662: $? = 0
configure:3703: result: yes
configure:3720: checking for gcc option to accept ISO C89
configure:3784: gcc  -c -g -O2  conftest.c >&5
configure:3784: $? = 0
configure:3797: result: none needed
configure:3828: checking for style of include used by make
configure:3856: result: GNU
configure:3881: checking dependency style of gcc
configure:3991: result: gcc3
configure:4007: checking whether gcc and cc understand -c and -o together
configure:4038: gcc -c conftest.c -o conftest2.o >&5
configure:4042: $? = 0
configure:4048: gcc -c conftest.c -o conftest2.o >&5
configure:4052: $? = 0
configure:4063: cc -c conftest.c >&5
configure:4067: $? = 0
configure:4075: cc -c conftest.c -o conftest2.o >&5
configure:4079: $? = 0
configure:4085: cc -c conftest.c -o conftest2.o >&5
configure:4089: $? = 0
configure:4107: result: yes
configure:4161: checking build system type
configure:4175: result: x86_64-unknown-linux-gnu
configure:4195: checking host system type
configure:4208: result: x86_64-unknown-linux-gnu
configure:4228: checking for a sed that does not truncate output
configure:4292: result: /bin/sed
configure:4310: checking for grep that handles long lines and -e
configure:4368: result: /bin/grep
configure:4373: checking for egrep
configure:4435: result: /bin/grep -E
configure:4440: checking for fgrep
configure:4502: result: /bin/grep -F
configure:4537: checking for ld used by gcc
configure:4604: result: /usr/bin/ld
configure:4611: checking if the linker (/usr/bin/ld) is GNU ld
configure:4626: result: yes
configure:4638: checking for BSD- or MS-compatible name lister (nm)
configure:4687: result: /usr/bin/nm -B
configure:4805: checking the name lister (/usr/bin/nm -B) interface
configure:4812: gcc -c -g -O2  conftest.c >&5
configure:4815: /usr/bin/nm -B "conftest.o"
configure:4818: output
0000000000000000 B some_variable
configure:4825: result: BSD nm
configure:4828: checking whether ln -s works
configure:4832: result: yes
configure:4840: checking the maximum length of command line arguments
configure:4960: result: 1572864
configure:4977: checking whether the shell understands some XSI constructs
configure:4987: result: yes
configure:4991: checking whether the shell understands "+="
configure:4997: result: yes
configure:5032: checking for /usr/bin/ld option to reload object files
configure:5039: result: -r
configure:5108: checking for objdump
configure:5124: found /usr/bin/objdump
configure:5135: result: objdump
configure:5167: checking how to recognize dependent libraries
configure:5363: result: pass_all
configure:5423: checking for ar
configure:5439: found /usr/bin/ar
configure:5450: result: ar
configure:5528: checking for strip
configure:5544: found /usr/bin/strip
configure:5555: result: strip
configure:5627: checking for ranlib
configure:5643: found /usr/bin/ranlib
configure:5654: result: ranlib
configure:5744: checking command to parse /usr/bin/nm -B output from gcc object
configure:5862: gcc -c -g -O2  conftest.c >&5
configure:5865: $? = 0
configure:5869: /usr/bin/nm -B conftest.o \| sed -n -e 's/^.*[	 ]\([ABCDGIRSTW][ABCDGIRSTW]*\)[	 ][	 ]*\([_A-Za-z][_A-Za-z0-9]*\)$/\1 \2 \2/p' \> conftest.nm
configure:5872: $? = 0
configure:5926: gcc -o conftest -g -O2   conftest.c conftstm.o >&5
configure:5929: $? = 0
configure:5967: result: ok
configure:6063: gcc -c -g -O2  conftest.c >&5
configure:6066: $? = 0
configure:6776: checking how to run the C preprocessor
configure:6807: gcc -E  conftest.c
configure:6807: $? = 0
configure:6821: gcc -E  conftest.c
conftest.c:12:28: error: ac_nonexistent.h: No such file or directory
configure:6821: $? = 1
configure: failed program was:
| /* confdefs.h */
| #define PACKAGE_NAME "avro-c"
| #define PACKAGE_TARNAME "avro-c"
| #define PACKAGE_VERSION "1.3.0"
| #define PACKAGE_STRING "avro-c 1.3.0"
| #define PACKAGE_BUGREPORT "http://issues.apache.org/jira/browse/AVRO"
| #define PACKAGE_URL ""
| #define PACKAGE "avro-c"
| #define VERSION "1.3.0"
| #define LIBAVRO_VERSION 18:0:0
| /* end confdefs.h.  */
| #include <ac_nonexistent.h>
configure:6846: result: gcc -E
configure:6866: gcc -E  conftest.c
configure:6866: $? = 0
configure:6880: gcc -E  conftest.c
conftest.c:12:28: error: ac_nonexistent.h: No such file or directory
configure:6880: $? = 1
configure: failed program was:
| /* confdefs.h */
| #define PACKAGE_NAME "avro-c"
| #define PACKAGE_TARNAME "avro-c"
| #define PACKAGE_VERSION "1.3.0"
| #define PACKAGE_STRING "avro-c 1.3.0"
| #define PACKAGE_BUGREPORT "http://issues.apache.org/jira/browse/AVRO"
| #define PACKAGE_URL ""
| #define PACKAGE "avro-c"
| #define VERSION "1.3.0"
| #define LIBAVRO_VERSION 18:0:0
| /* end confdefs.h.  */
| #include <ac_nonexistent.h>
configure:6909: checking for ANSI C header files
configure:6929: gcc -c -g -O2  conftest.c >&5
configure:6929: $? = 0
configure:7002: gcc -o conftest -g -O2   conftest.c  >&5
configure:7002: $? = 0
configure:7002: ./conftest
configure:7002: $? = 0
configure:7013: result: yes
configure:7026: checking for sys/types.h
configure:7026: gcc -c -g -O2  conftest.c >&5
configure:7026: $? = 0
configure:7026: result: yes
configure:7026: checking for sys/stat.h
configure:7026: gcc -c -g -O2  conftest.c >&5
configure:7026: $? = 0
configure:7026: result: yes
configure:7026: checking for stdlib.h
configure:7026: gcc -c -g -O2  conftest.c >&5
configure:7026: $? = 0
configure:7026: result: yes
configure:7026: checking for string.h
configure:7026: gcc -c -g -O2  conftest.c >&5
configure:7026: $? = 0
configure:7026: result: yes
configure:7026: checking for memory.h
configure:7026: gcc -c -g -O2  conftest.c >&5
configure:7026: $? = 0
configure:7026: result: yes
configure:7026: checking for strings.h
configure:7026: gcc -c -g -O2  conftest.c >&5
configure:7026: $? = 0
configure:7026: result: yes
configure:7026: checking for inttypes.h
configure:7026: gcc -c -g -O2  conftest.c >&5
configure:7026: $? = 0
configure:7026: result: yes
configure:7026: checking for stdint.h
configure:7026: gcc -c -g -O2  conftest.c >&5
configure:7026: $? = 0
configure:7026: result: yes
configure:7026: checking for unistd.h
configure:7026: gcc -c -g -O2  conftest.c >&5
configure:7026: $? = 0
configure:7026: result: yes
configure:7041: checking for dlfcn.h
configure:7041: gcc -c -g -O2  conftest.c >&5
configure:7041: $? = 0
configure:7041: result: yes
configure:7225: checking for objdir
configure:7240: result: .libs
configure:7532: checking if gcc supports -fno-rtti -fno-exceptions
configure:7550: gcc -c -g -O2  -fno-rtti -fno-exceptions conftest.c >&5
cc1: warning: command line option "-fno-rtti" is valid for C++/ObjC++ but not for C
configure:7554: $? = 0
configure:7567: result: no
configure:7587: checking for gcc option to produce PIC
configure:7859: result: -fPIC -DPIC
configure:7871: checking if gcc PIC flag -fPIC -DPIC works
configure:7889: gcc -c -g -O2  -fPIC -DPIC -DPIC conftest.c >&5
configure:7893: $? = 0
configure:7906: result: yes
configure:7930: checking if gcc static flag -static works
configure:7958: result: yes
configure:7973: checking if gcc supports -c -o file.o
configure:7994: gcc -c -g -O2  -o out/conftest2.o conftest.c >&5
configure:7998: $? = 0
configure:8020: result: yes
configure:8028: checking if gcc supports -c -o file.o
configure:8075: result: yes
configure:8108: checking whether the gcc linker (/usr/bin/ld -m elf_x86_64) supports shared libraries
configure:9098: result: yes
configure:9135: checking whether -lc should be explicitly linked in
configure:9140: gcc -c -g -O2  conftest.c >&5
configure:9143: $? = 0
configure:9158: gcc -shared conftest.o  -v -Wl,-soname -Wl,conftest -o conftest 2\>\&1 \| /bin/grep  -lc  \>/dev/null 2\>\&1
configure:9161: $? = 0
configure:9173: result: no
configure:9337: checking dynamic linker characteristics
configure:9770: gcc -o conftest -g -O2   -Wl,-rpath -Wl,/foo conftest.c  >&5
configure:9770: $? = 0
configure:10000: result: GNU/Linux ld.so
configure:10102: checking how to hardcode library paths into programs
configure:10127: result: immediate
configure:10647: checking whether stripping libraries is possible
configure:10652: result: yes
configure:10687: checking if libtool supports shared libraries
configure:10689: result: yes
configure:10692: checking whether to build shared libraries
configure:10713: result: yes
configure:10716: checking whether to build static libraries
configure:10720: result: yes
configure:10760: checking for ANSI C header files
configure:10864: result: yes
configure:10875: checking libintl.h usability
configure:10875: gcc -c -g -O2  conftest.c >&5
configure:10875: $? = 0
configure:10875: result: yes
configure:10875: checking libintl.h presence
configure:10875: gcc -E  conftest.c
configure:10875: $? = 0
configure:10875: result: yes
configure:10875: checking for libintl.h
configure:10875: result: yes
configure:10875: checking limits.h usability
configure:10875: gcc -c -g -O2  conftest.c >&5
configure:10875: $? = 0
configure:10875: result: yes
configure:10875: checking limits.h presence
configure:10875: gcc -E  conftest.c
configure:10875: $? = 0
configure:10875: result: yes
configure:10875: checking for limits.h
configure:10875: result: yes
configure:10875: checking netinet/in.h usability
configure:10875: gcc -c -g -O2  conftest.c >&5
configure:10875: $? = 0
configure:10875: result: yes
configure:10875: checking netinet/in.h presence
configure:10875: gcc -E  conftest.c
configure:10875: $? = 0
configure:10875: result: yes
configure:10875: checking for netinet/in.h
configure:10875: result: yes
configure:10875: checking for stdint.h
configure:10875: result: yes
configure:10875: checking for stdlib.h
configure:10875: result: yes
configure:10875: checking for string.h
configure:10875: result: yes
configure:10875: checking sys/param.h usability
configure:10875: gcc -c -g -O2  conftest.c >&5
configure:10875: $? = 0
configure:10875: result: yes
configure:10875: checking sys/param.h presence
configure:10875: gcc -E  conftest.c
configure:10875: $? = 0
configure:10875: result: yes
configure:10875: checking for sys/param.h
configure:10875: result: yes
configure:10875: checking sys/time.h usability
configure:10875: gcc -c -g -O2  conftest.c >&5
configure:10875: $? = 0
configure:10875: result: yes
configure:10875: checking sys/time.h presence
configure:10875: gcc -E  conftest.c
configure:10875: $? = 0
configure:10875: result: yes
configure:10875: checking for sys/time.h
configure:10875: result: yes
configure:10875: checking for unistd.h
configure:10875: result: yes
configure:10875: checking wchar.h usability
configure:10875: gcc -c -g -O2  conftest.c >&5
configure:10875: $? = 0
configure:10875: result: yes
configure:10875: checking wchar.h presence
configure:10875: gcc -E  conftest.c
configure:10875: $? = 0
configure:10875: result: yes
configure:10875: checking for wchar.h
configure:10875: result: yes
configure:10888: checking whether byte ordering is bigendian
configure:10903: gcc -c -g -O2  conftest.c >&5
conftest.c:36: error: expected '=', ',', ';', 'asm' or '__attribute__' before 'a'
configure:10903: $? = 1
configure: failed program was:
| /* confdefs.h */
| #define PACKAGE_NAME "avro-c"
| #define PACKAGE_TARNAME "avro-c"
| #define PACKAGE_VERSION "1.3.0"
| #define PACKAGE_STRING "avro-c 1.3.0"
| #define PACKAGE_BUGREPORT "http://issues.apache.org/jira/browse/AVRO"
| #define PACKAGE_URL ""
| #define PACKAGE "avro-c"
| #define VERSION "1.3.0"
| #define LIBAVRO_VERSION 18:0:0
| #define STDC_HEADERS 1
| #define HAVE_SYS_TYPES_H 1
| #define HAVE_SYS_STAT_H 1
| #define HAVE_STDLIB_H 1
| #define HAVE_STRING_H 1
| #define HAVE_MEMORY_H 1
| #define HAVE_STRINGS_H 1
| #define HAVE_INTTYPES_H 1
| #define HAVE_STDINT_H 1
| #define HAVE_UNISTD_H 1
| #define HAVE_DLFCN_H 1
| #define LT_OBJDIR ".libs/"
| #define STDC_HEADERS 1
| #define HAVE_LIBINTL_H 1
| #define HAVE_LIMITS_H 1
| #define HAVE_NETINET_IN_H 1
| #define HAVE_STDINT_H 1
| #define HAVE_STDLIB_H 1
| #define HAVE_STRING_H 1
| #define HAVE_SYS_PARAM_H 1
| #define HAVE_SYS_TIME_H 1
| #define HAVE_UNISTD_H 1
| #define HAVE_WCHAR_H 1
| /* end confdefs.h.  */
| #ifndef __APPLE_CC__
| 	       not a universal capable compiler
| 	     #endif
| 	     typedef int dummy;
| 
configure:10948: gcc -c -g -O2  conftest.c >&5
configure:10948: $? = 0
configure:10966: gcc -c -g -O2  conftest.c >&5
conftest.c: In function 'main':
conftest.c:42: error: 'not' undeclared (first use in this function)
conftest.c:42: error: (Each undeclared identifier is reported only once
conftest.c:42: error: for each function it appears in.)
conftest.c:42: error: expected ';' before 'big'
configure:10966: $? = 1
configure: failed program was:
| /* confdefs.h */
| #define PACKAGE_NAME "avro-c"
| #define PACKAGE_TARNAME "avro-c"
| #define PACKAGE_VERSION "1.3.0"
| #define PACKAGE_STRING "avro-c 1.3.0"
| #define PACKAGE_BUGREPORT "http://issues.apache.org/jira/browse/AVRO"
| #define PACKAGE_URL ""
| #define PACKAGE "avro-c"
| #define VERSION "1.3.0"
| #define LIBAVRO_VERSION 18:0:0
| #define STDC_HEADERS 1
| #define HAVE_SYS_TYPES_H 1
| #define HAVE_SYS_STAT_H 1
| #define HAVE_STDLIB_H 1
| #define HAVE_STRING_H 1
| #define HAVE_MEMORY_H 1
| #define HAVE_STRINGS_H 1
| #define HAVE_INTTYPES_H 1
| #define HAVE_STDINT_H 1
| #define HAVE_UNISTD_H 1
| #define HAVE_DLFCN_H 1
| #define LT_OBJDIR ".libs/"
| #define STDC_HEADERS 1
| #define HAVE_LIBINTL_H 1
| #define HAVE_LIMITS_H 1
| #define HAVE_NETINET_IN_H 1
| #define HAVE_STDINT_H 1
| #define HAVE_STDLIB_H 1
| #define HAVE_STRING_H 1
| #define HAVE_SYS_PARAM_H 1
| #define HAVE_SYS_TIME_H 1
| #define HAVE_UNISTD_H 1
| #define HAVE_WCHAR_H 1
| /* end confdefs.h.  */
| #include <sys/types.h>
| 		#include <sys/param.h>
| 
| int
| main ()
| {
| #if BYTE_ORDER != BIG_ENDIAN
| 		 not big endian
| 		#endif
| 
|   ;
|   return 0;
| }
configure:11094: result: no
configure:11112: checking for an ANSI C-conforming const
configure:11177: gcc -c -g -O2  conftest.c >&5
configure:11177: $? = 0
configure:11184: result: yes
configure:11192: checking for size_t
configure:11192: gcc -c -g -O2  conftest.c >&5
configure:11192: $? = 0
configure:11192: gcc -c -g -O2  conftest.c >&5
conftest.c: In function 'main':
conftest.c:71: error: expected expression before ')' token
configure:11192: $? = 1
configure: failed program was:
| /* confdefs.h */
| #define PACKAGE_NAME "avro-c"
| #define PACKAGE_TARNAME "avro-c"
| #define PACKAGE_VERSION "1.3.0"
| #define PACKAGE_STRING "avro-c 1.3.0"
| #define PACKAGE_BUGREPORT "http://issues.apache.org/jira/browse/AVRO"
| #define PACKAGE_URL ""
| #define PACKAGE "avro-c"
| #define VERSION "1.3.0"
| #define LIBAVRO_VERSION 18:0:0
| #define STDC_HEADERS 1
| #define HAVE_SYS_TYPES_H 1
| #define HAVE_SYS_STAT_H 1
| #define HAVE_STDLIB_H 1
| #define HAVE_STRING_H 1
| #define HAVE_MEMORY_H 1
| #define HAVE_STRINGS_H 1
| #define HAVE_INTTYPES_H 1
| #define HAVE_STDINT_H 1
| #define HAVE_UNISTD_H 1
| #define HAVE_DLFCN_H 1
| #define LT_OBJDIR ".libs/"
| #define STDC_HEADERS 1
| #define HAVE_LIBINTL_H 1
| #define HAVE_LIMITS_H 1
| #define HAVE_NETINET_IN_H 1
| #define HAVE_STDINT_H 1
| #define HAVE_STDLIB_H 1
| #define HAVE_STRING_H 1
| #define HAVE_SYS_PARAM_H 1
| #define HAVE_SYS_TIME_H 1
| #define HAVE_UNISTD_H 1
| #define HAVE_WCHAR_H 1
| /* end confdefs.h.  */
| #include <stdio.h>
| #ifdef HAVE_SYS_TYPES_H
| # include <sys/types.h>
| #endif
| #ifdef HAVE_SYS_STAT_H
| # include <sys/stat.h>
| #endif
| #ifdef STDC_HEADERS
| # include <stdlib.h>
| # include <stddef.h>
| #else
| # ifdef HAVE_STDLIB_H
| #  include <stdlib.h>
| # endif
| #endif
| #ifdef HAVE_STRING_H
| # if !defined STDC_HEADERS && defined HAVE_MEMORY_H
| #  include <memory.h>
| # endif
| # include <string.h>
| #endif
| #ifdef HAVE_STRINGS_H
| # include <strings.h>
| #endif
| #ifdef HAVE_INTTYPES_H
| # include <inttypes.h>
| #endif
| #ifdef HAVE_STDINT_H
| # include <stdint.h>
| #endif
| #ifdef HAVE_UNISTD_H
| # include <unistd.h>
| #endif
| int
| main ()
| {
| if (sizeof ((size_t)))
| 	    return 0;
|   ;
|   return 0;
| }
configure:11192: result: yes
configure:11207: checking size of void *
configure:11212: gcc -o conftest -g -O2   conftest.c  >&5
configure:11212: $? = 0
configure:11212: ./conftest
configure:11212: $? = 0
configure:11227: result: 8
configure:11241: checking size of long
configure:11246: gcc -o conftest -g -O2   conftest.c  >&5
configure:11246: $? = 0
configure:11246: ./conftest
configure:11246: $? = 0
configure:11261: result: 8
configure:11275: checking for stdlib.h
configure:11275: result: yes
configure:11285: checking for GNU libc compatible malloc
configure:11309: gcc -o conftest -g -O2   conftest.c  >&5
configure:11309: $? = 0
configure:11309: ./conftest
configure:11309: $? = 0
configure:11319: result: yes
configure:11342: checking for bzero
configure:11342: gcc -o conftest -g -O2   conftest.c  >&5
conftest.c:62: warning: conflicting types for built-in function 'bzero'
configure:11342: $? = 0
configure:11342: result: yes
configure:11477: creating ./config.status

## ---------------------- ##
## Running config.status. ##
## ---------------------- ##

This file was extended by avro-c config.status 1.3.0, which was
generated by GNU Autoconf 2.64.  Invocation command line was

  CONFIG_FILES    = 
  CONFIG_HEADERS  = 
  CONFIG_LINKS    = 
  CONFIG_COMMANDS = 
  $ ./config.status 

on tmpvar

config.status:1081: creating Makefile
config.status:1081: creating tests/Makefile
config.status:1081: creating docs/Makefile
config.status:1081: creating src/Makefile
config.status:1081: creating examples/Makefile
config.status:1081: creating config.h
config.status:1301: executing depfiles commands
config.status:1301: executing libtool commands
configure:13746: === configuring in jansson (/home/tmpvar/Work/Javascript/node-avro/deps/avro/jansson)
configure:13809: running /bin/bash ./configure --disable-option-checking '--prefix=/home/tmpvar/Work/Javascript/build/default'  --cache-file=/dev/null --srcdir=.

## ---------------- ##
## Cache variables. ##
## ---------------- ##

ac_cv_build=x86_64-unknown-linux-gnu
ac_cv_c_bigendian=no
ac_cv_c_compiler_gnu=yes
ac_cv_c_const=yes
ac_cv_env_CC_set=
ac_cv_env_CC_value=
ac_cv_env_CFLAGS_set=
ac_cv_env_CFLAGS_value=
ac_cv_env_CPPFLAGS_set=
ac_cv_env_CPPFLAGS_value=
ac_cv_env_CPP_set=
ac_cv_env_CPP_value=
ac_cv_env_LDFLAGS_set=
ac_cv_env_LDFLAGS_value=
ac_cv_env_LIBS_set=
ac_cv_env_LIBS_value=
ac_cv_env_build_alias_set=
ac_cv_env_build_alias_value=
ac_cv_env_host_alias_set=
ac_cv_env_host_alias_value=
ac_cv_env_target_alias_set=
ac_cv_env_target_alias_value=
ac_cv_func_bzero=yes
ac_cv_func_malloc_0_nonnull=yes
ac_cv_header_dlfcn_h=yes
ac_cv_header_inttypes_h=yes
ac_cv_header_libintl_h=yes
ac_cv_header_limits_h=yes
ac_cv_header_memory_h=yes
ac_cv_header_netinet_in_h=yes
ac_cv_header_stdc=yes
ac_cv_header_stdint_h=yes
ac_cv_header_stdlib_h=yes
ac_cv_header_string_h=yes
ac_cv_header_strings_h=yes
ac_cv_header_sys_param_h=yes
ac_cv_header_sys_stat_h=yes
ac_cv_header_sys_time_h=yes
ac_cv_header_sys_types_h=yes
ac_cv_header_unistd_h=yes
ac_cv_header_wchar_h=yes
ac_cv_host=x86_64-unknown-linux-gnu
ac_cv_objext=o
ac_cv_path_EGREP='/bin/grep -E'
ac_cv_path_FGREP='/bin/grep -F'
ac_cv_path_GREP=/bin/grep
ac_cv_path_SED=/bin/sed
ac_cv_path_install='/usr/bin/install -c'
ac_cv_path_mkdir=/bin/mkdir
ac_cv_prog_AWK=mawk
ac_cv_prog_CPP='gcc -E'
ac_cv_prog_ac_ct_AR=ar
ac_cv_prog_ac_ct_CC=gcc
ac_cv_prog_ac_ct_OBJDUMP=objdump
ac_cv_prog_ac_ct_RANLIB=ranlib
ac_cv_prog_ac_ct_STRIP=strip
ac_cv_prog_cc_c89=
ac_cv_prog_cc_g=yes
ac_cv_prog_cc_gcc_c_o=yes
ac_cv_prog_make_make_set=yes
ac_cv_sizeof_long=8
ac_cv_sizeof_void_p=8
ac_cv_type_size_t=yes
am_cv_CC_dependencies_compiler_type=gcc3
lt_cv_deplibs_check_method=pass_all
lt_cv_file_magic_cmd='$MAGIC_CMD'
lt_cv_file_magic_test_file=
lt_cv_ld_reload_flag=-r
lt_cv_nm_interface='BSD nm'
lt_cv_objdir=.libs
lt_cv_path_LD=/usr/bin/ld
lt_cv_path_NM='/usr/bin/nm -B'
lt_cv_prog_compiler_c_o=yes
lt_cv_prog_compiler_pic_works=yes
lt_cv_prog_compiler_rtti_exceptions=no
lt_cv_prog_compiler_static_works=yes
lt_cv_prog_gnu_ld=yes
lt_cv_sys_global_symbol_pipe='sed -n -e '\''s/^.*[	 ]\([ABCDGIRSTW][ABCDGIRSTW]*\)[	 ][	 ]*\([_A-Za-z][_A-Za-z0-9]*\)$/\1 \2 \2/p'\'''
lt_cv_sys_global_symbol_to_c_name_address='sed -n -e '\''s/^: \([^ ]*\) $/  {\"\1\", (void *) 0},/p'\'' -e '\''s/^[ABCDGIRSTW]* \([^ ]*\) \([^ ]*\)$/  {"\2", (void *) \&\2},/p'\'''
lt_cv_sys_global_symbol_to_c_name_address_lib_prefix='sed -n -e '\''s/^: \([^ ]*\) $/  {\"\1\", (void *) 0},/p'\'' -e '\''s/^[ABCDGIRSTW]* \([^ ]*\) \(lib[^ ]*\)$/  {"\2", (void *) \&\2},/p'\'' -e '\''s/^[ABCDGIRSTW]* \([^ ]*\) \([^ ]*\)$/  {"lib\2", (void *) \&\2},/p'\'''
lt_cv_sys_global_symbol_to_cdecl='sed -n -e '\''s/^T .* \(.*\)$/extern int \1();/p'\'' -e '\''s/^[ABCDGIRSTW]* .* \(.*\)$/extern char \1;/p'\'''
lt_cv_sys_max_cmd_len=1572864

## ----------------- ##
## Output variables. ##
## ----------------- ##

ACLOCAL='${SHELL} /home/tmpvar/Work/Javascript/node-avro/deps/avro/config/missing --run aclocal-1.11'
AMDEPBACKSLASH='\'
AMDEP_FALSE='#'
AMDEP_TRUE=''
AMTAR='${SHELL} /home/tmpvar/Work/Javascript/node-avro/deps/avro/config/missing --run tar'
AR='ar'
AUTOCONF='${SHELL} /home/tmpvar/Work/Javascript/node-avro/deps/avro/config/missing --run autoconf'
AUTOHEADER='${SHELL} /home/tmpvar/Work/Javascript/node-avro/deps/avro/config/missing --run autoheader'
AUTOMAKE='${SHELL} /home/tmpvar/Work/Javascript/node-avro/deps/avro/config/missing --run automake-1.11'
AWK='mawk'
CC='gcc'
CCDEPMODE='depmode=gcc3'
CFLAGS='-g -O2'
CPP='gcc -E'
CPPFLAGS=''
CYGPATH_W='echo'
DEFS='-DHAVE_CONFIG_H'
DEPDIR='.deps'
DSYMUTIL=''
DUMPBIN=''
ECHO_C=''
ECHO_N='-n'
ECHO_T=''
EGREP='/bin/grep -E'
EXEEXT=''
FGREP='/bin/grep -F'
GREP='/bin/grep'
INSTALL_DATA='${INSTALL} -m 644'
INSTALL_PROGRAM='${INSTALL}'
INSTALL_SCRIPT='${INSTALL}'
INSTALL_STRIP_PROGRAM='$(install_sh) -c -s'
LD='/usr/bin/ld -m elf_x86_64'
LDFLAGS=''
LIBAVRO_VERSION='18:0:0'
LIBOBJS=''
LIBS=''
LIBTOOL='$(SHELL) $(top_builddir)/libtool'
LIPO=''
LN_S='ln -s'
LTLIBOBJS=''
MAKEINFO='${SHELL} /home/tmpvar/Work/Javascript/node-avro/deps/avro/config/missing --run makeinfo'
MKDIR_P='/bin/mkdir -p'
NM='/usr/bin/nm -B'
NMEDIT=''
OBJDUMP='objdump'
OBJEXT='o'
OTOOL64=''
OTOOL=''
PACKAGE='avro-c'
PACKAGE_BUGREPORT='http://issues.apache.org/jira/browse/AVRO'
PACKAGE_NAME='avro-c'
PACKAGE_STRING='avro-c 1.3.0'
PACKAGE_TARNAME='avro-c'
PACKAGE_URL=''
PACKAGE_VERSION='1.3.0'
PATH_SEPARATOR=':'
RANLIB='ranlib'
SED='/bin/sed'
SET_MAKE=''
SHELL='/bin/bash'
STRIP='strip'
VERSION='1.3.0'
ac_ct_CC='gcc'
ac_ct_DUMPBIN=''
am__EXEEXT_FALSE=''
am__EXEEXT_TRUE='#'
am__fastdepCC_FALSE='#'
am__fastdepCC_TRUE=''
am__include='include'
am__isrc=''
am__leading_dot='.'
am__quote=''
am__tar='${AMTAR} chof - "$$tardir"'
am__untar='${AMTAR} xf -'
bindir='${exec_prefix}/bin'
build='x86_64-unknown-linux-gnu'
build_alias=''
build_cpu='x86_64'
build_os='linux-gnu'
build_vendor='unknown'
datadir='${datarootdir}'
datarootdir='${prefix}/share'
docdir='${datarootdir}/doc/${PACKAGE_TARNAME}'
dvidir='${docdir}'
exec_prefix='${prefix}'
host='x86_64-unknown-linux-gnu'
host_alias=''
host_cpu='x86_64'
host_os='linux-gnu'
host_vendor='unknown'
htmldir='${docdir}'
includedir='${prefix}/include'
infodir='${datarootdir}/info'
install_sh='${SHELL} /home/tmpvar/Work/Javascript/node-avro/deps/avro/config/install-sh'
libdir='${exec_prefix}/lib'
libexecdir='${exec_prefix}/libexec'
localedir='${datarootdir}/locale'
localstatedir='${prefix}/var'
lt_ECHO='echo'
mandir='${datarootdir}/man'
mkdir_p='/bin/mkdir -p'
oldincludedir='/usr/include'
pdfdir='${docdir}'
prefix='/home/tmpvar/Work/Javascript/build/default'
program_transform_name='s,x,x,'
psdir='${docdir}'
sbindir='${exec_prefix}/sbin'
sharedstatedir='${prefix}/com'
subdirs=' jansson'
sysconfdir='${prefix}/etc'
target_alias=''

## ----------- ##
## confdefs.h. ##
## ----------- ##

/* confdefs.h */
#define PACKAGE_NAME "avro-c"
#define PACKAGE_TARNAME "avro-c"
#define PACKAGE_VERSION "1.3.0"
#define PACKAGE_STRING "avro-c 1.3.0"
#define PACKAGE_BUGREPORT "http://issues.apache.org/jira/browse/AVRO"
#define PACKAGE_URL ""
#define PACKAGE "avro-c"
#define VERSION "1.3.0"
#define LIBAVRO_VERSION 18:0:0
#define STDC_HEADERS 1
#define HAVE_SYS_TYPES_H 1
#define HAVE_SYS_STAT_H 1
#define HAVE_STDLIB_H 1
#define HAVE_STRING_H 1
#define HAVE_MEMORY_H 1
#define HAVE_STRINGS_H 1
#define HAVE_INTTYPES_H 1
#define HAVE_STDINT_H 1
#define HAVE_UNISTD_H 1
#define HAVE_DLFCN_H 1
#define LT_OBJDIR ".libs/"
#define STDC_HEADERS 1
#define HAVE_LIBINTL_H 1
#define HAVE_LIMITS_H 1
#define HAVE_NETINET_IN_H 1
#define HAVE_STDINT_H 1
#define HAVE_STDLIB_H 1
#define HAVE_STRING_H 1
#define HAVE_SYS_PARAM_H 1
#define HAVE_SYS_TIME_H 1
#define HAVE_UNISTD_H 1
#define HAVE_WCHAR_H 1
#define SIZEOF_VOID_P 8
#define SIZEOF_LONG 8
#define HAVE_STDLIB_H 1
#define HAVE_MALLOC 1
#define HAVE_BZERO 1

configure: exit 0
