This file contains any messages produced by compilers while
running configure, to aid debugging if configure makes a mistake.

It was created by jansson configure 1.1.3, which was
generated by GNU Autoconf 2.64.  Invocation command line was

  $ ./configure --disable-option-checking --prefix=/home/tmpvar/Work/Javascript/build/default --cache-file=/dev/null --srcdir=.

## --------- ##
## Platform. ##
## --------- ##

hostname = tmpvar
uname -m = x86_64
uname -r = 2.6.31-17-generic
uname -s = Linux
uname -v = #54-Ubuntu SMP Thu Dec 10 17:01:44 UTC 2009

/usr/bin/uname -p = unknown
/bin/uname -X     = unknown

/bin/arch              = unknown
/usr/bin/arch -k       = unknown
/usr/convex/getsysinfo = unknown
/usr/bin/hostinfo      = unknown
/bin/machine           = unknown
/usr/bin/oslevel       = unknown
/bin/universe          = unknown

PATH: /usr/local/sbin
PATH: /usr/local/bin
PATH: /usr/sbin
PATH: /usr/bin
PATH: /sbin
PATH: /bin
PATH: /usr/games


## ----------- ##
## Core tests. ##
## ----------- ##

configure:2247: checking for a BSD-compatible install
configure:2315: result: /usr/bin/install -c
configure:2326: checking whether build environment is sane
configure:2376: result: yes
configure:2517: checking for a thread-safe mkdir -p
configure:2556: result: /bin/mkdir -p
configure:2569: checking for gawk
configure:2599: result: no
configure:2569: checking for mawk
configure:2585: found /usr/bin/mawk
configure:2596: result: mawk
configure:2607: checking whether make sets $(MAKE)
configure:2629: result: yes
configure:2763: checking for gcc
configure:2779: found /usr/bin/gcc
configure:2790: result: gcc
configure:3019: checking for C compiler version
configure:3028: gcc --version >&5
gcc (Ubuntu 4.4.1-4ubuntu9) 4.4.1
Copyright (C) 2009 Free Software Foundation, Inc.
This is free software; see the source for copying conditions.  There is NO
warranty; not even for MERCHANTABILITY or FITNESS FOR A PARTICULAR PURPOSE.

configure:3039: $? = 0
configure:3028: gcc -v >&5
Using built-in specs.
Target: x86_64-linux-gnu
Configured with: ../src/configure -v --with-pkgversion='Ubuntu 4.4.1-4ubuntu9' --with-bugurl=file:///usr/share/doc/gcc-4.4/README.Bugs --enable-languages=c,c++,fortran,objc,obj-c++ --prefix=/usr --enable-shared --enable-multiarch --enable-linker-build-id --with-system-zlib --libexecdir=/usr/lib --without-included-gettext --enable-threads=posix --with-gxx-include-dir=/usr/include/c++/4.4 --program-suffix=-4.4 --enable-nls --enable-clocale=gnu --enable-libstdcxx-debug --enable-objc-gc --disable-werror --with-arch-32=i486 --with-tune=generic --enable-checking=release --build=x86_64-linux-gnu --host=x86_64-linux-gnu --target=x86_64-linux-gnu
Thread model: posix
gcc version 4.4.1 (Ubuntu 4.4.1-4ubuntu9) 
configure:3039: $? = 0
configure:3028: gcc -V >&5
gcc: '-V' option must have argument
configure:3039: $? = 1
configure:3028: gcc -qversion >&5
gcc: unrecognized option '-qversion'
gcc: no input files
configure:3039: $? = 1
configure:3061: checking for C compiler default output file name
configure:3083: gcc    conftest.c  >&5
configure:3087: $? = 0
configure:3124: result: a.out
configure:3140: checking whether the C compiler works
configure:3149: ./a.out
configure:3153: $? = 0
configure:3168: result: yes
configure:3175: checking whether we are cross compiling
configure:3177: result: no
configure:3180: checking for suffix of executables
configure:3187: gcc -o conftest    conftest.c  >&5
configure:3191: $? = 0
configure:3213: result: 
configure:3219: checking for suffix of object files
configure:3241: gcc -c   conftest.c >&5
configure:3245: $? = 0
configure:3266: result: o
configure:3270: checking whether we are using the GNU C compiler
configure:3289: gcc -c   conftest.c >&5
configure:3289: $? = 0
configure:3298: result: yes
configure:3307: checking whether gcc accepts -g
configure:3327: gcc -c -g  conftest.c >&5
configure:3327: $? = 0
configure:3368: result: yes
configure:3385: checking for gcc option to accept ISO C89
configure:3449: gcc  -c -g -O2  conftest.c >&5
configure:3449: $? = 0
configure:3462: result: none needed
configure:3493: checking for style of include used by make
configure:3521: result: GNU
configure:3546: checking dependency style of gcc
configure:3656: result: gcc3
configure:3700: checking build system type
configure:3714: result: x86_64-unknown-linux-gnu
configure:3734: checking host system type
configure:3747: result: x86_64-unknown-linux-gnu
configure:3767: checking for a sed that does not truncate output
configure:3831: result: /bin/sed
configure:3849: checking for grep that handles long lines and -e
configure:3907: result: /bin/grep
configure:3912: checking for egrep
configure:3974: result: /bin/grep -E
configure:3979: checking for fgrep
configure:4041: result: /bin/grep -F
configure:4076: checking for ld used by gcc
configure:4143: result: /usr/bin/ld
configure:4150: checking if the linker (/usr/bin/ld) is GNU ld
configure:4165: result: yes
configure:4177: checking for BSD- or MS-compatible name lister (nm)
configure:4226: result: /usr/bin/nm -B
configure:4344: checking the name lister (/usr/bin/nm -B) interface
configure:4351: gcc -c -g -O2  conftest.c >&5
configure:4354: /usr/bin/nm -B "conftest.o"
configure:4357: output
0000000000000000 B some_variable
configure:4364: result: BSD nm
configure:4367: checking whether ln -s works
configure:4371: result: yes
configure:4379: checking the maximum length of command line arguments
configure:4499: result: 1572864
configure:4516: checking whether the shell understands some XSI constructs
configure:4526: result: yes
configure:4530: checking whether the shell understands "+="
configure:4536: result: yes
configure:4571: checking for /usr/bin/ld option to reload object files
configure:4578: result: -r
configure:4647: checking for objdump
configure:4663: found /usr/bin/objdump
configure:4674: result: objdump
configure:4706: checking how to recognize dependent libraries
configure:4902: result: pass_all
configure:4962: checking for ar
configure:4978: found /usr/bin/ar
configure:4989: result: ar
configure:5067: checking for strip
configure:5083: found /usr/bin/strip
configure:5094: result: strip
configure:5166: checking for ranlib
configure:5182: found /usr/bin/ranlib
configure:5193: result: ranlib
configure:5283: checking command to parse /usr/bin/nm -B output from gcc object
configure:5401: gcc -c -g -O2  conftest.c >&5
configure:5404: $? = 0
configure:5408: /usr/bin/nm -B conftest.o \| sed -n -e 's/^.*[	 ]\([ABCDGIRSTW][ABCDGIRSTW]*\)[	 ][	 ]*\([_A-Za-z][_A-Za-z0-9]*\)$/\1 \2 \2/p' \> conftest.nm
configure:5411: $? = 0
configure:5465: gcc -o conftest -g -O2   conftest.c conftstm.o >&5
configure:5468: $? = 0
configure:5506: result: ok
configure:5602: gcc -c -g -O2  conftest.c >&5
configure:5605: $? = 0
configure:6315: checking how to run the C preprocessor
configure:6346: gcc -E  conftest.c
configure:6346: $? = 0
configure:6360: gcc -E  conftest.c
conftest.c:11:28: error: ac_nonexistent.h: No such file or directory
configure:6360: $? = 1
configure: failed program was:
| /* confdefs.h */
| #define PACKAGE_NAME "jansson"
| #define PACKAGE_TARNAME "jansson"
| #define PACKAGE_VERSION "1.1.3"
| #define PACKAGE_STRING "jansson 1.1.3"
| #define PACKAGE_BUGREPORT "petri@digip.org"
| #define PACKAGE_URL ""
| #define PACKAGE "jansson"
| #define VERSION "1.1.3"
| /* end confdefs.h.  */
| #include <ac_nonexistent.h>
configure:6385: result: gcc -E
configure:6405: gcc -E  conftest.c
configure:6405: $? = 0
configure:6419: gcc -E  conftest.c
conftest.c:11:28: error: ac_nonexistent.h: No such file or directory
configure:6419: $? = 1
configure: failed program was:
| /* confdefs.h */
| #define PACKAGE_NAME "jansson"
| #define PACKAGE_TARNAME "jansson"
| #define PACKAGE_VERSION "1.1.3"
| #define PACKAGE_STRING "jansson 1.1.3"
| #define PACKAGE_BUGREPORT "petri@digip.org"
| #define PACKAGE_URL ""
| #define PACKAGE "jansson"
| #define VERSION "1.1.3"
| /* end confdefs.h.  */
| #include <ac_nonexistent.h>
configure:6448: checking for ANSI C header files
configure:6468: gcc -c -g -O2  conftest.c >&5
configure:6468: $? = 0
configure:6541: gcc -o conftest -g -O2   conftest.c  >&5
configure:6541: $? = 0
configure:6541: ./conftest
configure:6541: $? = 0
configure:6552: result: yes
configure:6565: checking for sys/types.h
configure:6565: gcc -c -g -O2  conftest.c >&5
configure:6565: $? = 0
configure:6565: result: yes
configure:6565: checking for sys/stat.h
configure:6565: gcc -c -g -O2  conftest.c >&5
configure:6565: $? = 0
configure:6565: result: yes
configure:6565: checking for stdlib.h
configure:6565: gcc -c -g -O2  conftest.c >&5
configure:6565: $? = 0
configure:6565: result: yes
configure:6565: checking for string.h
configure:6565: gcc -c -g -O2  conftest.c >&5
configure:6565: $? = 0
configure:6565: result: yes
configure:6565: checking for memory.h
configure:6565: gcc -c -g -O2  conftest.c >&5
configure:6565: $? = 0
configure:6565: result: yes
configure:6565: checking for strings.h
configure:6565: gcc -c -g -O2  conftest.c >&5
configure:6565: $? = 0
configure:6565: result: yes
configure:6565: checking for inttypes.h
configure:6565: gcc -c -g -O2  conftest.c >&5
configure:6565: $? = 0
configure:6565: result: yes
configure:6565: checking for stdint.h
configure:6565: gcc -c -g -O2  conftest.c >&5
configure:6565: $? = 0
configure:6565: result: yes
configure:6565: checking for unistd.h
configure:6565: gcc -c -g -O2  conftest.c >&5
configure:6565: $? = 0
configure:6565: result: yes
configure:6580: checking for dlfcn.h
configure:6580: gcc -c -g -O2  conftest.c >&5
configure:6580: $? = 0
configure:6580: result: yes
configure:6764: checking for objdir
configure:6779: result: .libs
configure:7071: checking if gcc supports -fno-rtti -fno-exceptions
configure:7089: gcc -c -g -O2  -fno-rtti -fno-exceptions conftest.c >&5
cc1: warning: command line option "-fno-rtti" is valid for C++/ObjC++ but not for C
configure:7093: $? = 0
configure:7106: result: no
configure:7126: checking for gcc option to produce PIC
configure:7398: result: -fPIC -DPIC
configure:7410: checking if gcc PIC flag -fPIC -DPIC works
configure:7428: gcc -c -g -O2  -fPIC -DPIC -DPIC conftest.c >&5
configure:7432: $? = 0
configure:7445: result: yes
configure:7469: checking if gcc static flag -static works
configure:7497: result: yes
configure:7512: checking if gcc supports -c -o file.o
configure:7533: gcc -c -g -O2  -o out/conftest2.o conftest.c >&5
configure:7537: $? = 0
configure:7559: result: yes
configure:7567: checking if gcc supports -c -o file.o
configure:7614: result: yes
configure:7647: checking whether the gcc linker (/usr/bin/ld -m elf_x86_64) supports shared libraries
configure:8637: result: yes
configure:8674: checking whether -lc should be explicitly linked in
configure:8679: gcc -c -g -O2  conftest.c >&5
configure:8682: $? = 0
configure:8697: gcc -shared conftest.o  -v -Wl,-soname -Wl,conftest -o conftest 2\>\&1 \| /bin/grep  -lc  \>/dev/null 2\>\&1
configure:8700: $? = 0
configure:8712: result: no
configure:8876: checking dynamic linker characteristics
configure:9309: gcc -o conftest -g -O2   -Wl,-rpath -Wl,/foo conftest.c  >&5
configure:9309: $? = 0
configure:9539: result: GNU/Linux ld.so
configure:9641: checking how to hardcode library paths into programs
configure:9666: result: immediate
configure:10186: checking whether stripping libraries is possible
configure:10191: result: yes
configure:10226: checking if libtool supports shared libraries
configure:10228: result: yes
configure:10231: checking whether to build shared libraries
configure:10252: result: yes
configure:10255: checking whether to build static libraries
configure:10259: result: yes
configure:10423: creating ./config.status

## ---------------------- ##
## Running config.status. ##
## ---------------------- ##

This file was extended by jansson config.status 1.1.3, which was
generated by GNU Autoconf 2.64.  Invocation command line was

  CONFIG_FILES    = 
  CONFIG_HEADERS  = 
  CONFIG_LINKS    = 
  CONFIG_COMMANDS = 
  $ ./config.status 

on tmpvar

config.status:1063: creating Makefile
config.status:1063: creating doc/Makefile
config.status:1063: creating src/Makefile
config.status:1063: creating test/Makefile
config.status:1063: creating test/testdata/Makefile
config.status:1063: creating test/testprogs/Makefile
config.status:1063: creating config.h
config.status:1283: executing depfiles commands
config.status:1283: executing libtool commands

## ---------------- ##
## Cache variables. ##
## ---------------- ##

ac_cv_build=x86_64-unknown-linux-gnu
ac_cv_c_compiler_gnu=yes
ac_cv_env_CC_set=
ac_cv_env_CC_value=
ac_cv_env_CFLAGS_set=
ac_cv_env_CFLAGS_value=
ac_cv_env_CPPFLAGS_set=
ac_cv_env_CPPFLAGS_value=
ac_cv_env_CPP_set=
ac_cv_env_CPP_value=
ac_cv_env_LDFLAGS_set=
ac_cv_env_LDFLAGS_value=
ac_cv_env_LIBS_set=
ac_cv_env_LIBS_value=
ac_cv_env_build_alias_set=
ac_cv_env_build_alias_value=
ac_cv_env_host_alias_set=
ac_cv_env_host_alias_value=
ac_cv_env_target_alias_set=
ac_cv_env_target_alias_value=
ac_cv_header_dlfcn_h=yes
ac_cv_header_inttypes_h=yes
ac_cv_header_memory_h=yes
ac_cv_header_stdc=yes
ac_cv_header_stdint_h=yes
ac_cv_header_stdlib_h=yes
ac_cv_header_string_h=yes
ac_cv_header_strings_h=yes
ac_cv_header_sys_stat_h=yes
ac_cv_header_sys_types_h=yes
ac_cv_header_unistd_h=yes
ac_cv_host=x86_64-unknown-linux-gnu
ac_cv_objext=o
ac_cv_path_EGREP='/bin/grep -E'
ac_cv_path_FGREP='/bin/grep -F'
ac_cv_path_GREP=/bin/grep
ac_cv_path_SED=/bin/sed
ac_cv_path_install='/usr/bin/install -c'
ac_cv_path_mkdir=/bin/mkdir
ac_cv_prog_AWK=mawk
ac_cv_prog_CPP='gcc -E'
ac_cv_prog_ac_ct_AR=ar
ac_cv_prog_ac_ct_CC=gcc
ac_cv_prog_ac_ct_OBJDUMP=objdump
ac_cv_prog_ac_ct_RANLIB=ranlib
ac_cv_prog_ac_ct_STRIP=strip
ac_cv_prog_cc_c89=
ac_cv_prog_cc_g=yes
ac_cv_prog_make_make_set=yes
am_cv_CC_dependencies_compiler_type=gcc3
lt_cv_deplibs_check_method=pass_all
lt_cv_file_magic_cmd='$MAGIC_CMD'
lt_cv_file_magic_test_file=
lt_cv_ld_reload_flag=-r
lt_cv_nm_interface='BSD nm'
lt_cv_objdir=.libs
lt_cv_path_LD=/usr/bin/ld
lt_cv_path_NM='/usr/bin/nm -B'
lt_cv_prog_compiler_c_o=yes
lt_cv_prog_compiler_pic_works=yes
lt_cv_prog_compiler_rtti_exceptions=no
lt_cv_prog_compiler_static_works=yes
lt_cv_prog_gnu_ld=yes
lt_cv_sys_global_symbol_pipe='sed -n -e '\''s/^.*[	 ]\([ABCDGIRSTW][ABCDGIRSTW]*\)[	 ][	 ]*\([_A-Za-z][_A-Za-z0-9]*\)$/\1 \2 \2/p'\'''
lt_cv_sys_global_symbol_to_c_name_address='sed -n -e '\''s/^: \([^ ]*\) $/  {\"\1\", (void *) 0},/p'\'' -e '\''s/^[ABCDGIRSTW]* \([^ ]*\) \([^ ]*\)$/  {"\2", (void *) \&\2},/p'\'''
lt_cv_sys_global_symbol_to_c_name_address_lib_prefix='sed -n -e '\''s/^: \([^ ]*\) $/  {\"\1\", (void *) 0},/p'\'' -e '\''s/^[ABCDGIRSTW]* \([^ ]*\) \(lib[^ ]*\)$/  {"\2", (void *) \&\2},/p'\'' -e '\''s/^[ABCDGIRSTW]* \([^ ]*\) \([^ ]*\)$/  {"lib\2", (void *) \&\2},/p'\'''
lt_cv_sys_global_symbol_to_cdecl='sed -n -e '\''s/^T .* \(.*\)$/extern int \1();/p'\'' -e '\''s/^[ABCDGIRSTW]* .* \(.*\)$/extern char \1;/p'\'''
lt_cv_sys_max_cmd_len=1572864

## ----------------- ##
## Output variables. ##
## ----------------- ##

ACLOCAL='${SHELL} /home/tmpvar/Work/Javascript/node-avro/deps/avro/jansson/missing --run aclocal-1.11'
AMDEPBACKSLASH='\'
AMDEP_FALSE='#'
AMDEP_TRUE=''
AMTAR='${SHELL} /home/tmpvar/Work/Javascript/node-avro/deps/avro/jansson/missing --run tar'
AR='ar'
AUTOCONF='${SHELL} /home/tmpvar/Work/Javascript/node-avro/deps/avro/jansson/missing --run autoconf'
AUTOHEADER='${SHELL} /home/tmpvar/Work/Javascript/node-avro/deps/avro/jansson/missing --run autoheader'
AUTOMAKE='${SHELL} /home/tmpvar/Work/Javascript/node-avro/deps/avro/jansson/missing --run automake-1.11'
AWK='mawk'
CC='gcc'
CCDEPMODE='depmode=gcc3'
CFLAGS='-g -O2'
CPP='gcc -E'
CPPFLAGS=''
CYGPATH_W='echo'
DEFS='-DHAVE_CONFIG_H'
DEPDIR='.deps'
DSYMUTIL=''
DUMPBIN=''
ECHO_C=''
ECHO_N='-n'
ECHO_T=''
EGREP='/bin/grep -E'
EXEEXT=''
FGREP='/bin/grep -F'
GREP='/bin/grep'
INSTALL_DATA='${INSTALL} -m 644'
INSTALL_PROGRAM='${INSTALL}'
INSTALL_SCRIPT='${INSTALL}'
INSTALL_STRIP_PROGRAM='$(install_sh) -c -s'
LD='/usr/bin/ld -m elf_x86_64'
LDFLAGS=''
LIBOBJS=''
LIBS=''
LIBTOOL='$(SHELL) $(top_builddir)/libtool'
LIPO=''
LN_S='ln -s'
LTLIBOBJS=''
MAKEINFO='${SHELL} /home/tmpvar/Work/Javascript/node-avro/deps/avro/jansson/missing --run makeinfo'
MKDIR_P='/bin/mkdir -p'
NM='/usr/bin/nm -B'
NMEDIT=''
OBJDUMP='objdump'
OBJEXT='o'
OTOOL64=''
OTOOL=''
PACKAGE='jansson'
PACKAGE_BUGREPORT='petri@digip.org'
PACKAGE_NAME='jansson'
PACKAGE_STRING='jansson 1.1.3'
PACKAGE_TARNAME='jansson'
PACKAGE_URL=''
PACKAGE_VERSION='1.1.3'
PATH_SEPARATOR=':'
RANLIB='ranlib'
SED='/bin/sed'
SET_MAKE=''
SHELL='/bin/bash'
STRIP='strip'
VERSION='1.1.3'
ac_ct_CC='gcc'
ac_ct_DUMPBIN=''
am__EXEEXT_FALSE=''
am__EXEEXT_TRUE='#'
am__fastdepCC_FALSE='#'
am__fastdepCC_TRUE=''
am__include='include'
am__isrc=''
am__leading_dot='.'
am__quote=''
am__tar='${AMTAR} chof - "$$tardir"'
am__untar='${AMTAR} xf -'
bindir='${exec_prefix}/bin'
build='x86_64-unknown-linux-gnu'
build_alias=''
build_cpu='x86_64'
build_os='linux-gnu'
build_vendor='unknown'
datadir='${datarootdir}'
datarootdir='${prefix}/share'
docdir='${datarootdir}/doc/${PACKAGE_TARNAME}'
dvidir='${docdir}'
exec_prefix='${prefix}'
host='x86_64-unknown-linux-gnu'
host_alias=''
host_cpu='x86_64'
host_os='linux-gnu'
host_vendor='unknown'
htmldir='${docdir}'
includedir='${prefix}/include'
infodir='${datarootdir}/info'
install_sh='${SHELL} /home/tmpvar/Work/Javascript/node-avro/deps/avro/jansson/install-sh'
libdir='${exec_prefix}/lib'
libexecdir='${exec_prefix}/libexec'
localedir='${datarootdir}/locale'
localstatedir='${prefix}/var'
lt_ECHO='echo'
mandir='${datarootdir}/man'
mkdir_p='/bin/mkdir -p'
oldincludedir='/usr/include'
pdfdir='${docdir}'
prefix='/home/tmpvar/Work/Javascript/build/default'
program_transform_name='s,x,x,'
psdir='${docdir}'
sbindir='${exec_prefix}/sbin'
sharedstatedir='${prefix}/com'
sysconfdir='${prefix}/etc'
target_alias=''

## ----------- ##
## confdefs.h. ##
## ----------- ##

/* confdefs.h */
#define PACKAGE_NAME "jansson"
#define PACKAGE_TARNAME "jansson"
#define PACKAGE_VERSION "1.1.3"
#define PACKAGE_STRING "jansson 1.1.3"
#define PACKAGE_BUGREPORT "petri@digip.org"
#define PACKAGE_URL ""
#define PACKAGE "jansson"
#define VERSION "1.1.3"
#define STDC_HEADERS 1
#define HAVE_SYS_TYPES_H 1
#define HAVE_SYS_STAT_H 1
#define HAVE_STDLIB_H 1
#define HAVE_STRING_H 1
#define HAVE_MEMORY_H 1
#define HAVE_STRINGS_H 1
#define HAVE_INTTYPES_H 1
#define HAVE_STDINT_H 1
#define HAVE_UNISTD_H 1
#define HAVE_DLFCN_H 1
#define LT_OBJDIR ".libs/"

configure: exit 0
